
  .   ____          _            __ _ _
 /\\ / ___'_ __ _ _(_)_ __  __ _ \ \ \ \
( ( )\___ | '_ | '_| | '_ \/ _` | \ \ \ \
 \\/  ___)| |_)| | | | | || (_| |  ) ) ) )
  '  |____| .__|_| |_|_| |_\__, | / / / /
 =========|_|==============|___/=/_/_/_/
 :: Spring Boot ::                (v2.4.5)

2021-05-06 14:18:51.379  INFO 5221 --- [           main] com.baseball.BaseballApplication         : Starting BaseballApplication using Java 15.0.2 on gojeong-wan-ui-MacBookPro.local with PID 5221 (/Users/g/Projects/codesquad/baseball/be/server/build/libs/baseball-0.0.1-SNAPSHOT.jar started by g in /Users/g/Projects/codesquad/baseball/be/server)
2021-05-06 14:18:51.381 DEBUG 5221 --- [           main] com.baseball.BaseballApplication         : Running with Spring Boot v2.4.5, Spring v5.3.6
2021-05-06 14:18:51.382  INFO 5221 --- [           main] com.baseball.BaseballApplication         : No active profile set, falling back to default profiles: default
2021-05-06 14:18:52.280  INFO 5221 --- [           main] .s.d.r.c.RepositoryConfigurationDelegate : Bootstrapping Spring Data JDBC repositories in DEFAULT mode.
2021-05-06 14:18:52.289  INFO 5221 --- [           main] .s.d.r.c.RepositoryConfigurationDelegate : Finished Spring Data repository scanning in 6 ms. Found 0 JDBC repository interfaces.
2021-05-06 14:18:52.866  INFO 5221 --- [           main] o.s.b.w.embedded.tomcat.TomcatWebServer  : Tomcat initialized with port(s): 8080 (http)
2021-05-06 14:18:52.879  INFO 5221 --- [           main] o.apache.catalina.core.StandardService   : Starting service [Tomcat]
2021-05-06 14:18:52.879  INFO 5221 --- [           main] org.apache.catalina.core.StandardEngine  : Starting Servlet engine: [Apache Tomcat/9.0.45]
2021-05-06 14:18:52.950  INFO 5221 --- [           main] o.a.c.c.C.[Tomcat].[localhost].[/]       : Initializing Spring embedded WebApplicationContext
2021-05-06 14:18:52.951  INFO 5221 --- [           main] w.s.c.ServletWebServerApplicationContext : Root WebApplicationContext: initialization completed in 1502 ms
2021-05-06 14:18:53.461  INFO 5221 --- [           main] pertySourcedRequestMappingHandlerMapping : Mapped URL path [/v2/api-docs] onto method [springfox.documentation.swagger2.web.Swagger2Controller#getDocumentation(String, HttpServletRequest)]
2021-05-06 14:18:53.589  INFO 5221 --- [           main] o.s.s.concurrent.ThreadPoolTaskExecutor  : Initializing ExecutorService 'applicationTaskExecutor'
2021-05-06 14:18:53.897  INFO 5221 --- [           main] com.zaxxer.hikari.HikariDataSource       : HikariPool-1 - Starting...
2021-05-06 14:18:54.090  INFO 5221 --- [           main] com.zaxxer.hikari.HikariDataSource       : HikariPool-1 - Start completed.
2021-05-06 14:18:54.209  INFO 5221 --- [           main] o.s.b.w.embedded.tomcat.TomcatWebServer  : Tomcat started on port(s): 8080 (http) with context path ''
2021-05-06 14:18:54.210  INFO 5221 --- [           main] d.s.w.p.DocumentationPluginsBootstrapper : Context refreshed
2021-05-06 14:18:54.230  INFO 5221 --- [           main] d.s.w.p.DocumentationPluginsBootstrapper : Found 1 custom documentation plugin(s)
2021-05-06 14:18:54.263  INFO 5221 --- [           main] s.d.s.w.s.ApiListingReferenceScanner     : Scanning for api listing references
2021-05-06 14:18:54.445  INFO 5221 --- [           main] com.baseball.BaseballApplication         : Started BaseballApplication in 3.697 seconds (JVM running for 4.176)
2021-05-06 14:19:08.280  INFO 5221 --- [extShutdownHook] com.zaxxer.hikari.HikariDataSource       : HikariPool-1 - Shutdown initiated...
2021-05-06 14:19:08.291  INFO 5221 --- [extShutdownHook] com.zaxxer.hikari.HikariDataSource       : HikariPool-1 - Shutdown completed.
2021-05-06 14:19:08.291  INFO 5221 --- [extShutdownHook] o.s.s.concurrent.ThreadPoolTaskExecutor  : Shutting down ExecutorService 'applicationTaskExecutor'

  .   ____          _            __ _ _
 /\\ / ___'_ __ _ _(_)_ __  __ _ \ \ \ \
( ( )\___ | '_ | '_| | '_ \/ _` | \ \ \ \
 \\/  ___)| |_)| | | | | || (_| |  ) ) ) )
  '  |____| .__|_| |_|_| |_\__, | / / / /
 =========|_|==============|___/=/_/_/_/
 :: Spring Boot ::                (v2.4.5)

2021-05-06 14:19:09.185  INFO 5257 --- [           main] com.baseball.BaseballApplication         : Starting BaseballApplication using Java 15.0.2 on gojeong-wan-ui-MacBookPro.local with PID 5257 (/Users/g/Projects/codesquad/baseball/be/server/build/libs/baseball-0.0.1-SNAPSHOT.jar started by g in /Users/g/Projects/codesquad/baseball/be/server)
2021-05-06 14:19:09.189 DEBUG 5257 --- [           main] com.baseball.BaseballApplication         : Running with Spring Boot v2.4.5, Spring v5.3.6
2021-05-06 14:19:09.189  INFO 5257 --- [           main] com.baseball.BaseballApplication         : No active profile set, falling back to default profiles: default
2021-05-06 14:19:10.114  INFO 5257 --- [           main] .s.d.r.c.RepositoryConfigurationDelegate : Bootstrapping Spring Data JDBC repositories in DEFAULT mode.
2021-05-06 14:19:10.127  INFO 5257 --- [           main] .s.d.r.c.RepositoryConfigurationDelegate : Finished Spring Data repository scanning in 8 ms. Found 0 JDBC repository interfaces.
2021-05-06 14:19:10.679  INFO 5257 --- [           main] o.s.b.w.embedded.tomcat.TomcatWebServer  : Tomcat initialized with port(s): 8080 (http)
2021-05-06 14:19:10.694  INFO 5257 --- [           main] o.apache.catalina.core.StandardService   : Starting service [Tomcat]
2021-05-06 14:19:10.694  INFO 5257 --- [           main] org.apache.catalina.core.StandardEngine  : Starting Servlet engine: [Apache Tomcat/9.0.45]
2021-05-06 14:19:10.771  INFO 5257 --- [           main] o.a.c.c.C.[Tomcat].[localhost].[/]       : Initializing Spring embedded WebApplicationContext
2021-05-06 14:19:10.771  INFO 5257 --- [           main] w.s.c.ServletWebServerApplicationContext : Root WebApplicationContext: initialization completed in 1511 ms
2021-05-06 14:19:11.272  INFO 5257 --- [           main] pertySourcedRequestMappingHandlerMapping : Mapped URL path [/v2/api-docs] onto method [springfox.documentation.swagger2.web.Swagger2Controller#getDocumentation(String, HttpServletRequest)]
2021-05-06 14:19:11.420  INFO 5257 --- [           main] o.s.s.concurrent.ThreadPoolTaskExecutor  : Initializing ExecutorService 'applicationTaskExecutor'
2021-05-06 14:19:11.788  INFO 5257 --- [           main] com.zaxxer.hikari.HikariDataSource       : HikariPool-1 - Starting...
2021-05-06 14:19:12.029  INFO 5257 --- [           main] com.zaxxer.hikari.HikariDataSource       : HikariPool-1 - Start completed.
2021-05-06 14:19:12.268  INFO 5257 --- [           main] o.s.b.w.embedded.tomcat.TomcatWebServer  : Tomcat started on port(s): 8080 (http) with context path ''
2021-05-06 14:19:12.270  INFO 5257 --- [           main] d.s.w.p.DocumentationPluginsBootstrapper : Context refreshed
2021-05-06 14:19:12.296  INFO 5257 --- [           main] d.s.w.p.DocumentationPluginsBootstrapper : Found 1 custom documentation plugin(s)
2021-05-06 14:19:12.330  INFO 5257 --- [           main] s.d.s.w.s.ApiListingReferenceScanner     : Scanning for api listing references
2021-05-06 14:19:12.537  INFO 5257 --- [           main] com.baseball.BaseballApplication         : Started BaseballApplication in 3.819 seconds (JVM running for 4.245)
2021-05-06 14:19:38.583  INFO 5257 --- [extShutdownHook] com.zaxxer.hikari.HikariDataSource       : HikariPool-1 - Shutdown initiated...
2021-05-06 14:19:38.586  INFO 5257 --- [extShutdownHook] com.zaxxer.hikari.HikariDataSource       : HikariPool-1 - Shutdown completed.
2021-05-06 14:19:38.586  INFO 5257 --- [extShutdownHook] o.s.s.concurrent.ThreadPoolTaskExecutor  : Shutting down ExecutorService 'applicationTaskExecutor'

  .   ____          _            __ _ _
 /\\ / ___'_ __ _ _(_)_ __  __ _ \ \ \ \
( ( )\___ | '_ | '_| | '_ \/ _` | \ \ \ \
 \\/  ___)| |_)| | | | | || (_| |  ) ) ) )
  '  |____| .__|_| |_|_| |_\__, | / / / /
 =========|_|==============|___/=/_/_/_/
 :: Spring Boot ::                (v2.4.5)

2021-05-06 14:19:39.470  INFO 5311 --- [           main] com.baseball.BaseballApplication         : Starting BaseballApplication using Java 15.0.2 on gojeong-wan-ui-MacBookPro.local with PID 5311 (/Users/g/Projects/codesquad/baseball/be/server/build/libs/baseball-0.0.1-SNAPSHOT.jar started by g in /Users/g/Projects/codesquad/baseball/be/server)
2021-05-06 14:19:39.473 DEBUG 5311 --- [           main] com.baseball.BaseballApplication         : Running with Spring Boot v2.4.5, Spring v5.3.6
2021-05-06 14:19:39.473  INFO 5311 --- [           main] com.baseball.BaseballApplication         : No active profile set, falling back to default profiles: default
2021-05-06 14:19:40.454  INFO 5311 --- [           main] .s.d.r.c.RepositoryConfigurationDelegate : Bootstrapping Spring Data JDBC repositories in DEFAULT mode.
2021-05-06 14:19:40.465  INFO 5311 --- [           main] .s.d.r.c.RepositoryConfigurationDelegate : Finished Spring Data repository scanning in 6 ms. Found 0 JDBC repository interfaces.
2021-05-06 14:19:41.066  INFO 5311 --- [           main] o.s.b.w.embedded.tomcat.TomcatWebServer  : Tomcat initialized with port(s): 8080 (http)
2021-05-06 14:19:41.079  INFO 5311 --- [           main] o.apache.catalina.core.StandardService   : Starting service [Tomcat]
2021-05-06 14:19:41.079  INFO 5311 --- [           main] org.apache.catalina.core.StandardEngine  : Starting Servlet engine: [Apache Tomcat/9.0.45]
2021-05-06 14:19:41.154  INFO 5311 --- [           main] o.a.c.c.C.[Tomcat].[localhost].[/]       : Initializing Spring embedded WebApplicationContext
2021-05-06 14:19:41.154  INFO 5311 --- [           main] w.s.c.ServletWebServerApplicationContext : Root WebApplicationContext: initialization completed in 1612 ms
2021-05-06 14:19:41.643  INFO 5311 --- [           main] pertySourcedRequestMappingHandlerMapping : Mapped URL path [/v2/api-docs] onto method [springfox.documentation.swagger2.web.Swagger2Controller#getDocumentation(String, HttpServletRequest)]
2021-05-06 14:19:41.765  INFO 5311 --- [           main] o.s.s.concurrent.ThreadPoolTaskExecutor  : Initializing ExecutorService 'applicationTaskExecutor'
2021-05-06 14:19:42.063  INFO 5311 --- [           main] com.zaxxer.hikari.HikariDataSource       : HikariPool-1 - Starting...
2021-05-06 14:19:42.235  INFO 5311 --- [           main] com.zaxxer.hikari.HikariDataSource       : HikariPool-1 - Start completed.
2021-05-06 14:19:42.346  INFO 5311 --- [           main] o.s.b.w.embedded.tomcat.TomcatWebServer  : Tomcat started on port(s): 8080 (http) with context path ''
2021-05-06 14:19:42.348  INFO 5311 --- [           main] d.s.w.p.DocumentationPluginsBootstrapper : Context refreshed
2021-05-06 14:19:42.368  INFO 5311 --- [           main] d.s.w.p.DocumentationPluginsBootstrapper : Found 1 custom documentation plugin(s)
2021-05-06 14:19:42.405  INFO 5311 --- [           main] s.d.s.w.s.ApiListingReferenceScanner     : Scanning for api listing references
2021-05-06 14:19:42.584  INFO 5311 --- [           main] com.baseball.BaseballApplication         : Started BaseballApplication in 3.57 seconds (JVM running for 3.991)
